C:\GITHUB\PHYSICSSYNTH\BUILDS\WINDOWS\PHYSICSSYNTH\DEBUG\B2BLOCKALLOCATOR.OBJ
C:\GITHUB\PHYSICSSYNTH\BUILDS\WINDOWS\PHYSICSSYNTH\DEBUG\B2BODY.OBJ
C:\GITHUB\PHYSICSSYNTH\BUILDS\WINDOWS\PHYSICSSYNTH\DEBUG\B2BROADPHASE.OBJ
C:\GITHUB\PHYSICSSYNTH\BUILDS\WINDOWS\PHYSICSSYNTH\DEBUG\B2CIRCLECONTACT.OBJ
C:\GITHUB\PHYSICSSYNTH\BUILDS\WINDOWS\PHYSICSSYNTH\DEBUG\B2CIRCLESHAPE.OBJ
C:\GITHUB\PHYSICSSYNTH\BUILDS\WINDOWS\PHYSICSSYNTH\DEBUG\B2COLLIDECIRCLE.OBJ
C:\GITHUB\PHYSICSSYNTH\BUILDS\WINDOWS\PHYSICSSYNTH\DEBUG\B2COLLIDEPOLYGON.OBJ
C:\GITHUB\PHYSICSSYNTH\BUILDS\WINDOWS\PHYSICSSYNTH\DEBUG\B2COLLISION.OBJ
C:\GITHUB\PHYSICSSYNTH\BUILDS\WINDOWS\PHYSICSSYNTH\DEBUG\B2CONTACT.OBJ
C:\GITHUB\PHYSICSSYNTH\BUILDS\WINDOWS\PHYSICSSYNTH\DEBUG\B2CONTACTMANAGER.OBJ
C:\GITHUB\PHYSICSSYNTH\BUILDS\WINDOWS\PHYSICSSYNTH\DEBUG\B2CONTACTSOLVER.OBJ
C:\GITHUB\PHYSICSSYNTH\BUILDS\WINDOWS\PHYSICSSYNTH\DEBUG\B2DISTANCE.OBJ
C:\GITHUB\PHYSICSSYNTH\BUILDS\WINDOWS\PHYSICSSYNTH\DEBUG\B2DISTANCEJOINT.OBJ
C:\GITHUB\PHYSICSSYNTH\BUILDS\WINDOWS\PHYSICSSYNTH\DEBUG\B2DYNAMICTREE.OBJ
C:\GITHUB\PHYSICSSYNTH\BUILDS\WINDOWS\PHYSICSSYNTH\DEBUG\B2FIXTURE.OBJ
C:\GITHUB\PHYSICSSYNTH\BUILDS\WINDOWS\PHYSICSSYNTH\DEBUG\B2FRICTIONJOINT.OBJ
C:\GITHUB\PHYSICSSYNTH\BUILDS\WINDOWS\PHYSICSSYNTH\DEBUG\B2GEARJOINT.OBJ
C:\GITHUB\PHYSICSSYNTH\BUILDS\WINDOWS\PHYSICSSYNTH\DEBUG\B2ISLAND.OBJ
C:\GITHUB\PHYSICSSYNTH\BUILDS\WINDOWS\PHYSICSSYNTH\DEBUG\B2JOINT.OBJ
C:\GITHUB\PHYSICSSYNTH\BUILDS\WINDOWS\PHYSICSSYNTH\DEBUG\B2LINEJOINT.OBJ
C:\GITHUB\PHYSICSSYNTH\BUILDS\WINDOWS\PHYSICSSYNTH\DEBUG\B2MATH.OBJ
C:\GITHUB\PHYSICSSYNTH\BUILDS\WINDOWS\PHYSICSSYNTH\DEBUG\B2MOUSEJOINT.OBJ
C:\GITHUB\PHYSICSSYNTH\BUILDS\WINDOWS\PHYSICSSYNTH\DEBUG\B2POLYGONANDCIRCLECONTACT.OBJ
C:\GITHUB\PHYSICSSYNTH\BUILDS\WINDOWS\PHYSICSSYNTH\DEBUG\B2POLYGONCONTACT.OBJ
C:\GITHUB\PHYSICSSYNTH\BUILDS\WINDOWS\PHYSICSSYNTH\DEBUG\B2POLYGONSHAPE.OBJ
C:\GITHUB\PHYSICSSYNTH\BUILDS\WINDOWS\PHYSICSSYNTH\DEBUG\B2PRISMATICJOINT.OBJ
C:\GITHUB\PHYSICSSYNTH\BUILDS\WINDOWS\PHYSICSSYNTH\DEBUG\B2PULLEYJOINT.OBJ
C:\GITHUB\PHYSICSSYNTH\BUILDS\WINDOWS\PHYSICSSYNTH\DEBUG\B2REVOLUTEJOINT.OBJ
C:\GITHUB\PHYSICSSYNTH\BUILDS\WINDOWS\PHYSICSSYNTH\DEBUG\B2SETTINGS.OBJ
C:\GITHUB\PHYSICSSYNTH\BUILDS\WINDOWS\PHYSICSSYNTH\DEBUG\B2STACKALLOCATOR.OBJ
C:\GITHUB\PHYSICSSYNTH\BUILDS\WINDOWS\PHYSICSSYNTH\DEBUG\B2TIMEOFIMPACT.OBJ
C:\GITHUB\PHYSICSSYNTH\BUILDS\WINDOWS\PHYSICSSYNTH\DEBUG\B2TOISOLVER.OBJ
C:\GITHUB\PHYSICSSYNTH\BUILDS\WINDOWS\PHYSICSSYNTH\DEBUG\B2WELDJOINT.OBJ
C:\GITHUB\PHYSICSSYNTH\BUILDS\WINDOWS\PHYSICSSYNTH\DEBUG\B2WORLD.OBJ
C:\GITHUB\PHYSICSSYNTH\BUILDS\WINDOWS\PHYSICSSYNTH\DEBUG\B2WORLDCALLBACKS.OBJ
C:\GITHUB\PHYSICSSYNTH\BUILDS\WINDOWS\PHYSICSSYNTH\DEBUG\BOMB.OBJ
C:\GITHUB\PHYSICSSYNTH\BUILDS\WINDOWS\PHYSICSSYNTH\DEBUG\BOMBMENU.OBJ
C:\GITHUB\PHYSICSSYNTH\BUILDS\WINDOWS\PHYSICSSYNTH\DEBUG\BUTTON.OBJ
C:\GITHUB\PHYSICSSYNTH\BUILDS\WINDOWS\PHYSICSSYNTH\DEBUG\CANVAS.OBJ
C:\GITHUB\PHYSICSSYNTH\BUILDS\WINDOWS\PHYSICSSYNTH\DEBUG\CHECKBOX.OBJ
C:\GITHUB\PHYSICSSYNTH\BUILDS\WINDOWS\PHYSICSSYNTH\DEBUG\CIRCLE.OBJ
C:\GITHUB\PHYSICSSYNTH\BUILDS\WINDOWS\PHYSICSSYNTH\DEBUG\CIRCULARWORLD.OBJ
C:\GitHub\PhysicsSynth\Builds\Windows\PhysicsSynth\Debug\cl.command.1.tlog
C:\GitHub\PhysicsSynth\Builds\Windows\PhysicsSynth\Debug\CL.read.1.tlog
C:\GitHub\PhysicsSynth\Builds\Windows\PhysicsSynth\Debug\CL.write.1.tlog
C:\GITHUB\PHYSICSSYNTH\BUILDS\WINDOWS\PHYSICSSYNTH\DEBUG\COLOUR3F.OBJ
C:\GITHUB\PHYSICSSYNTH\BUILDS\WINDOWS\PHYSICSSYNTH\DEBUG\COLOUR4F.OBJ
C:\GITHUB\PHYSICSSYNTH\BUILDS\WINDOWS\PHYSICSSYNTH\DEBUG\COLOURPICKER.OBJ
C:\GITHUB\PHYSICSSYNTH\BUILDS\WINDOWS\PHYSICSSYNTH\DEBUG\COLOURPICKERITEM.OBJ
C:\GITHUB\PHYSICSSYNTH\BUILDS\WINDOWS\PHYSICSSYNTH\DEBUG\DEBUGTIMER.OBJ
C:\GITHUB\PHYSICSSYNTH\BUILDS\WINDOWS\PHYSICSSYNTH\DEBUG\DYNAMICOBJECT.OBJ
C:\GITHUB\PHYSICSSYNTH\BUILDS\WINDOWS\PHYSICSSYNTH\DEBUG\EVENTSOURCE.OBJ
C:\GITHUB\PHYSICSSYNTH\BUILDS\WINDOWS\PHYSICSSYNTH\DEBUG\FINGER.OBJ
C:\GITHUB\PHYSICSSYNTH\BUILDS\WINDOWS\PHYSICSSYNTH\DEBUG\FINGEREVENTARGS.OBJ
C:\GITHUB\PHYSICSSYNTH\BUILDS\WINDOWS\PHYSICSSYNTH\DEBUG\FINGERJOINT.OBJ
C:\GITHUB\PHYSICSSYNTH\BUILDS\WINDOWS\PHYSICSSYNTH\DEBUG\FINGERQUERYCALLBACK.OBJ
C:\GITHUB\PHYSICSSYNTH\BUILDS\WINDOWS\PHYSICSSYNTH\DEBUG\GLFONTMANAGER.OBJ
C:\GITHUB\PHYSICSSYNTH\BUILDS\WINDOWS\PHYSICSSYNTH\DEBUG\GLMATRIXF.OBJ
C:\GITHUB\PHYSICSSYNTH\BUILDS\WINDOWS\PHYSICSSYNTH\DEBUG\GLTEXTURE.OBJ
C:\GITHUB\PHYSICSSYNTH\BUILDS\WINDOWS\PHYSICSSYNTH\DEBUG\GLTEXTUREFONT.OBJ
C:\GITHUB\PHYSICSSYNTH\BUILDS\WINDOWS\PHYSICSSYNTH\DEBUG\HANDLE.OBJ
C:\GITHUB\PHYSICSSYNTH\BUILDS\WINDOWS\PHYSICSSYNTH\DEBUG\IMPULSEEVENTMENU.OBJ
C:\GITHUB\PHYSICSSYNTH\BUILDS\WINDOWS\PHYSICSSYNTH\DEBUG\IMPULSESOUNDEVENT.OBJ
C:\GITHUB\PHYSICSSYNTH\BUILDS\WINDOWS\PHYSICSSYNTH\DEBUG\IPENDPOINTNAME.OBJ
C:\GITHUB\PHYSICSSYNTH\BUILDS\WINDOWS\PHYSICSSYNTH\DEBUG\LABELLEDUIELEMENT.OBJ
C:\GITHUB\PHYSICSSYNTH\BUILDS\WINDOWS\PHYSICSSYNTH\DEBUG\LOADIMAGE.OBJ
C:\GITHUB\PHYSICSSYNTH\BUILDS\WINDOWS\PHYSICSSYNTH\DEBUG\LOOPPOINTER.OBJ
C:\GITHUB\PHYSICSSYNTH\BUILDS\WINDOWS\PHYSICSSYNTH\DEBUG\MAIN.OBJ
C:\GITHUB\PHYSICSSYNTH\BUILDS\WINDOWS\PHYSICSSYNTH\DEBUG\MAINMENU.OBJ
C:\GITHUB\PHYSICSSYNTH\BUILDS\WINDOWS\PHYSICSSYNTH\DEBUG\MANAGER.OBJ
C:\GITHUB\PHYSICSSYNTH\BUILDS\WINDOWS\PHYSICSSYNTH\DEBUG\MAPPINGBUTTON.OBJ
C:\GITHUB\PHYSICSSYNTH\BUILDS\WINDOWS\PHYSICSSYNTH\DEBUG\MAPPINGGRID.OBJ
C:\GITHUB\PHYSICSSYNTH\BUILDS\WINDOWS\PHYSICSSYNTH\DEBUG\MATRIXF.OBJ
C:\GITHUB\PHYSICSSYNTH\BUILDS\WINDOWS\PHYSICSSYNTH\DEBUG\MENU.OBJ
C:\GITHUB\PHYSICSSYNTH\BUILDS\WINDOWS\PHYSICSSYNTH\DEBUG\MULTITOUCHEVENTHANDLER.OBJ
C:\GITHUB\PHYSICSSYNTH\BUILDS\WINDOWS\PHYSICSSYNTH\DEBUG\MULTITOUCHEVENTMANAGER.OBJ
C:\GITHUB\PHYSICSSYNTH\BUILDS\WINDOWS\PHYSICSSYNTH\DEBUG\NETWORKINGUTILS.OBJ
C:\GITHUB\PHYSICSSYNTH\BUILDS\WINDOWS\PHYSICSSYNTH\DEBUG\OBJECTMENU.OBJ
C:\GITHUB\PHYSICSSYNTH\BUILDS\WINDOWS\PHYSICSSYNTH\DEBUG\OBJECTPICKER.OBJ
C:\GITHUB\PHYSICSSYNTH\BUILDS\WINDOWS\PHYSICSSYNTH\DEBUG\OBJECTPICKERITEM.OBJ
C:\GITHUB\PHYSICSSYNTH\BUILDS\WINDOWS\PHYSICSSYNTH\DEBUG\OPTIONGRID.OBJ
C:\GITHUB\PHYSICSSYNTH\BUILDS\WINDOWS\PHYSICSSYNTH\DEBUG\OPTIONGRIDITEM.OBJ
C:\GITHUB\PHYSICSSYNTH\BUILDS\WINDOWS\PHYSICSSYNTH\DEBUG\OSCOUTBOUNDPACKETSTREAM.OBJ
C:\GITHUB\PHYSICSSYNTH\BUILDS\WINDOWS\PHYSICSSYNTH\DEBUG\OSCPRINTRECEIVEDELEMENTS.OBJ
C:\GITHUB\PHYSICSSYNTH\BUILDS\WINDOWS\PHYSICSSYNTH\DEBUG\OSCRECEIVEDELEMENTS.OBJ
C:\GITHUB\PHYSICSSYNTH\BUILDS\WINDOWS\PHYSICSSYNTH\DEBUG\OSCSENDER.OBJ
C:\GITHUB\PHYSICSSYNTH\BUILDS\WINDOWS\PHYSICSSYNTH\DEBUG\OSCTYPES.OBJ
C:\GITHUB\PHYSICSSYNTH\BUILDS\WINDOWS\PHYSICSSYNTH\DEBUG\PARTICLEEMITTER.OBJ
C:\GITHUB\PHYSICSSYNTH\BUILDS\WINDOWS\PHYSICSSYNTH\DEBUG\PARTICLEEMITTERMENU.OBJ
C:\GITHUB\PHYSICSSYNTH\BUILDS\WINDOWS\PHYSICSSYNTH\DEBUG\PATTERNPICKER.OBJ
C:\GITHUB\PHYSICSSYNTH\BUILDS\WINDOWS\PHYSICSSYNTH\DEBUG\PATTERNPICKERITEM.OBJ
C:\GITHUB\PHYSICSSYNTH\BUILDS\WINDOWS\PHYSICSSYNTH\DEBUG\PERSISTENCEMANAGER.OBJ
C:\GITHUB\PHYSICSSYNTH\BUILDS\WINDOWS\PHYSICSSYNTH\DEBUG\PHYSICSDEBUGGER.OBJ
C:\GITHUB\PHYSICSSYNTH\BUILDS\WINDOWS\PHYSICSSYNTH\DEBUG\PHYSICSOBJECT.OBJ
C:\GITHUB\PHYSICSSYNTH\BUILDS\WINDOWS\PHYSICSSYNTH\DEBUG\POINT2F.OBJ
C:\GITHUB\PHYSICSSYNTH\BUILDS\WINDOWS\PHYSICSSYNTH\DEBUG\POINT2I.OBJ
C:\GITHUB\PHYSICSSYNTH\BUILDS\WINDOWS\PHYSICSSYNTH\DEBUG\POINT3F.OBJ
C:\GITHUB\PHYSICSSYNTH\BUILDS\WINDOWS\PHYSICSSYNTH\DEBUG\POINTQUERYCALLBACK.OBJ
C:\GITHUB\PHYSICSSYNTH\BUILDS\WINDOWS\PHYSICSSYNTH\DEBUG\PRESSANDHOLD.OBJ
C:\GITHUB\PHYSICSSYNTH\BUILDS\WINDOWS\PHYSICSSYNTH\DEBUG\PUSHBUTTON.OBJ
C:\GITHUB\PHYSICSSYNTH\BUILDS\WINDOWS\PHYSICSSYNTH\DEBUG\REGIONQUERYCALLBACK.OBJ
C:\GITHUB\PHYSICSSYNTH\BUILDS\WINDOWS\PHYSICSSYNTH\DEBUG\RSTOBJECT.OBJ
C:\GITHUB\PHYSICSSYNTH\BUILDS\WINDOWS\PHYSICSSYNTH\DEBUG\SETTINGSMENU.OBJ
C:\GITHUB\PHYSICSSYNTH\BUILDS\WINDOWS\PHYSICSSYNTH\DEBUG\SIMPLEOBJECT.OBJ
C:\GITHUB\PHYSICSSYNTH\BUILDS\WINDOWS\PHYSICSSYNTH\DEBUG\SIMPLEOBJECTMENU.OBJ
C:\GITHUB\PHYSICSSYNTH\BUILDS\WINDOWS\PHYSICSSYNTH\DEBUG\SINGLETON.OBJ
C:\GITHUB\PHYSICSSYNTH\BUILDS\WINDOWS\PHYSICSSYNTH\DEBUG\SLIDER.OBJ
C:\GITHUB\PHYSICSSYNTH\BUILDS\WINDOWS\PHYSICSSYNTH\DEBUG\SOUNDCONFIG.OBJ
C:\GITHUB\PHYSICSSYNTH\BUILDS\WINDOWS\PHYSICSSYNTH\DEBUG\SOUNDEVENT.OBJ
C:\GITHUB\PHYSICSSYNTH\BUILDS\WINDOWS\PHYSICSSYNTH\DEBUG\SOUNDMENU.OBJ
C:\GITHUB\PHYSICSSYNTH\BUILDS\WINDOWS\PHYSICSSYNTH\DEBUG\SOUNDS.OBJ
C:\GITHUB\PHYSICSSYNTH\BUILDS\WINDOWS\PHYSICSSYNTH\DEBUG\SQUARE.OBJ
C:\GITHUB\PHYSICSSYNTH\BUILDS\WINDOWS\PHYSICSSYNTH\DEBUG\SQUAREWORLD.OBJ
C:\GITHUB\PHYSICSSYNTH\BUILDS\WINDOWS\PHYSICSSYNTH\DEBUG\STICK.OBJ
C:\GITHUB\PHYSICSSYNTH\BUILDS\WINDOWS\PHYSICSSYNTH\DEBUG\SYNCHRONIZER.OBJ
C:\GITHUB\PHYSICSSYNTH\BUILDS\WINDOWS\PHYSICSSYNTH\DEBUG\TARGETBUTTON.OBJ
C:\GITHUB\PHYSICSSYNTH\BUILDS\WINDOWS\PHYSICSSYNTH\DEBUG\TRIANGLE.OBJ
C:\GITHUB\PHYSICSSYNTH\BUILDS\WINDOWS\PHYSICSSYNTH\DEBUG\UDPSOCKET.OBJ
C:\GITHUB\PHYSICSSYNTH\BUILDS\WINDOWS\PHYSICSSYNTH\DEBUG\UIELEMENT.OBJ
C:\GitHub\PhysicsSynth\Builds\Windows\PhysicsSynth\Debug\vc100.idb
C:\GITHUB\PHYSICSSYNTH\BUILDS\WINDOWS\PHYSICSSYNTH\DEBUG\VC100.PDB
C:\GITHUB\PHYSICSSYNTH\BUILDS\WINDOWS\PHYSICSSYNTH\DEBUG\VECTOR2F.OBJ
C:\GITHUB\PHYSICSSYNTH\BUILDS\WINDOWS\PHYSICSSYNTH\DEBUG\WHEEL.OBJ
C:\GITHUB\PHYSICSSYNTH\BUILDS\WINDOWS\PHYSICSSYNTH\DEBUG\WHEELMENU.OBJ
C:\GITHUB\PHYSICSSYNTH\BUILDS\WINDOWS\PHYSICSSYNTH\DEBUG\WINDOWINGUTILS.OBJ
C:\GITHUB\PHYSICSSYNTH\BUILDS\WINDOWS\PHYSICSSYNTH\DEBUG\WMTOUCHEVENTSOURCE.OBJ
C:\GITHUB\PHYSICSSYNTH\BUILDS\WINDOWS\PHYSICSSYNTH\DEBUG\WORLD.OBJ
C:\GITHUB\PHYSICSSYNTH\BUILDS\WINDOWS\PHYSICSSYNTH\DEBUG\WORLDMENU.OBJ
C:\GITHUB\PHYSICSSYNTH\BUILDS\WINDOWS\PHYSICSSYNTH\DEBUG\XPLATFORMMUTEX.OBJ
